Image saved at: corinthia-musicians-2---crop.jpg
Connected to FTP server: hotelexplorer.net
Photo 'corinthia-musicians-2---crop.jpg' uploaded successfully to '/public_html/storage/information/'.
File 'corinthia_news.csv' does not exist.
---------------WE DO NOT HAVE DATA FOR TODAY---------------------
Image saved at: corinthia-musicians-2---crop.jpg
Connected to FTP server: hotelexplorer.net
Photo 'corinthia-musicians-2---crop.jpg' uploaded successfully to '/public_html/storage/information/'.
File 'corinthia_news.csv' has been removed.
---------------WE DO NOT HAVE DATA FOR TODAY---------------------
Image saved at: corinthia-musicians-2---crop.jpg
Connected to FTP server: hotelexplorer.net
Photo 'corinthia-musicians-2---crop.jpg' uploaded successfully to '/public_html/storage/information/'.
File 'corinthia_news.csv' has been removed.
---------------WE DO NOT HAVE DATA FOR TODAY---------------------
LONDON, UK (December 9, 2024)
Image saved at: corinthia-musicians-2---crop.jpg
File 'corinthia_news.csv' has been removed.
---------------WE DO NOT HAVE DATA FOR TODAY---------------------
LONDON, UK (December 9, 2024)
Image saved at: corinthia-musicians-2---crop.jpg
File 'corinthia_news.csv' has been removed.
---------------WE DO NOT HAVE DATA FOR TODAY---------------------
LONDON, UK (December 9, 2024)
Image saved at: corinthia-musicians-2---crop.jpg
File 'corinthia_news.csv' has been removed.
---------------WE DO NOT HAVE DATA FOR TODAY---------------------
LONDON, UK (December 9, 2024)
Image saved at: corinthia-musicians-2---crop.jpg
File 'corinthia_news.csv' has been removed.
---------------WE DO NOT HAVE DATA FOR TODAY---------------------
