Image successfully downloaded: hY0TSAbBtN.jpg
Connected to FTP server: hotelexplorer.net
Photo 'hY0TSAbBtN.jpg' uploaded successfully to '/public_html/storage/information/'.
Hard Rock International and Steinhauer Properties Set to Unveil Long Beach's First Full-Service Hotel in Three Decades
Data successfully written to CSV.
WE DO NOT HAVE DATA FOR TODAY
Image successfully downloaded: jDARlh8dsK.jpg
Connected to FTP server: hotelexplorer.net
Photo 'jDARlh8dsK.jpg' uploaded successfully to '/public_html/storage/information/'.
Hard Rock International and Steinhauer Properties Set to Launch Long Beach's First Full-Service Hotel in Three Decades
Data successfully written to CSV.
WE DO NOT HAVE DATA FOR TODAY
Image successfully downloaded: jkuJFMFT36.jpg
Connected to FTP server: hotelexplorer.net
Photo 'jkuJFMFT36.jpg' uploaded successfully to '/public_html/storage/information/'.
Hard Rock International and Steinhauer Properties to Launch Long Beach's First Full-Service Hotel in Three Decades
Data successfully written to CSV.
WE DO NOT HAVE DATA FOR TODAY
Image successfully downloaded: gnSH7wQDQH.jpg
14 Nov 2023
Hard Rock International and Steinhauer Properties Unveil Long Beach's First Full-Service Hotel in Three Decades
Data successfully written to CSV.
WE DO NOT HAVE DATA FOR TODAY
Image successfully downloaded: eBelOYvzDP.jpg
14 Nov 2023
Hard Rock International and Steinhauer Properties Unite to Launch Long Beach's First Full-Service Hotel in Three Decades
Data successfully written to CSV.
WE DO NOT HAVE DATA FOR TODAY
Image successfully downloaded: C7liHGW2GU.jpg
14 Nov 2023
Hard Rock International and Steinhauer Properties Unveil Plans for Long Beach's First Full-Service Hotel in Three Decades
Data successfully written to CSV.
WE DO NOT HAVE DATA FOR TODAY
Image successfully downloaded: q54nh3E6cG.jpg
14 Nov 2023
Hard Rock International and Steinhauer Properties Unite to Launch Long Beach's First Full-Service Hotel in Three Decades
Data successfully written to CSV.
WE DO NOT HAVE DATA FOR TODAY
