Connected to FTP server: hotelexplorer.net
Photo 'hyatt_logo.png' uploaded successfully to '/public_html/storage/information/'.
File 'hyatt_newsroom.csv' has been removed.
CSV file has been created/updated with the extracted data.
--------WE DO NOT HAVE DATA FOR TODAY--------
Connected to FTP server: hotelexplorer.net
Photo 'hyatt_logo.png' uploaded successfully to '/public_html/storage/information/'.
File 'hyatt_newsroom.csv' has been removed.
CSV file has been created/updated with the extracted data.
--------WE DO NOT HAVE DATA FOR TODAY--------
Connected to FTP server: hotelexplorer.net
Photo 'hyatt_logo.png' uploaded successfully to '/public_html/storage/information/'.
File 'hyatt_newsroom.csv' has been removed.
CSV file has been created/updated with the extracted data.
--------WE DO NOT HAVE DATA FOR TODAY--------
File 'hyatt_newsroom.csv' has been removed.
CSV file has been created/updated with the extracted data.
--------WE DO NOT HAVE DATA FOR TODAY--------
File 'hyatt_newsroom.csv' has been removed.
CSV file has been created/updated with the extracted data.
--------WE DO NOT HAVE DATA FOR TODAY--------
File 'hyatt_newsroom.csv' has been removed.
CSV file has been created/updated with the extracted data.
--------WE DO NOT HAVE DATA FOR TODAY--------
File 'hyatt_newsroom.csv' has been removed.
CSV file has been created/updated with the extracted data.
--------WE DO NOT HAVE DATA FOR TODAY--------
