Image successfully downloaded: FQTnklPQB6.jpg
Connected to FTP server: hotelexplorer.net
Photo 'FQTnklPQB6.jpg' uploaded successfully to '/public_html/storage/information/'.
Data saved to CSV
--------WE DO NOT HAVE DATA FOR TODAY--------
Image successfully downloaded: UQIXAu4oK7.jpg
Connected to FTP server: hotelexplorer.net
Photo 'UQIXAu4oK7.jpg' uploaded successfully to '/public_html/storage/information/'.
Data saved to CSV
Database error: 1045 (28000): Access denied for user 'root'@'135.181.138.186' (using password: NO)
Traceback (most recent call last):
  File "/root/news_site_scraper/ihcltata.py", line 169, in <module>
    insert_csv_data(csv_file, "informations")
  File "/root/news_site_scraper/insert_csv_into_sql_db.py", line 394, in insert_csv_data
    if connection.is_connected():
UnboundLocalError: local variable 'connection' referenced before assignment
Image successfully downloaded: 4mODhIHpMx.jpg
Connected to FTP server: hotelexplorer.net
Photo '4mODhIHpMx.jpg' uploaded successfully to '/public_html/storage/information/'.
Data saved to CSV
--------WE DO NOT HAVE DATA FOR TODAY--------
28 Dec 2024
Image successfully downloaded: 1kyA4QlZn4.jpg
Data saved to CSV
--------WE DO NOT HAVE DATA FOR TODAY--------
28 Dec 2024
Image successfully downloaded: zJm3sOqPJL.jpg
Data saved to CSV
--------WE DO NOT HAVE DATA FOR TODAY--------
28 Dec 2024
Image successfully downloaded: fbaoruGOsZ.jpg
Data saved to CSV
--------WE DO NOT HAVE DATA FOR TODAY--------
28 Dec 2024
Image successfully downloaded: 6QLJPvxz4p.jpg
Data saved to CSV
--------WE DO NOT HAVE DATA FOR TODAY--------
