File 'int_hworld_extracted_data.csv' does not exist.
Image successfully downloaded: oLxIHtDuAW.jpg
Connected to FTP server: hotelexplorer.net
Photo 'oLxIHtDuAW.jpg' uploaded successfully to '/public_html/storage/information/'.
Data has been saved to int_hworld_extracted_data.csv
WE DO NOT HAVE DATA FOR TODAY
File 'int_hworld_extracted_data.csv' has been removed.
Image successfully downloaded: zq8BIAJKA8.jpg
Connected to FTP server: hotelexplorer.net
Photo 'zq8BIAJKA8.jpg' uploaded successfully to '/public_html/storage/information/'.
Data has been saved to int_hworld_extracted_data.csv
WE DO NOT HAVE DATA FOR TODAY
File 'int_hworld_extracted_data.csv' has been removed.
Image successfully downloaded: YtOTBZC6Nb.jpg
Connected to FTP server: hotelexplorer.net
Photo 'YtOTBZC6Nb.jpg' uploaded successfully to '/public_html/storage/information/'.
Data has been saved to int_hworld_extracted_data.csv
WE DO NOT HAVE DATA FOR TODAY
File 'int_hworld_extracted_data.csv' has been removed.
29 Feb 2024
Image successfully downloaded: mt48JhrxJ9.jpg
Data has been saved to int_hworld_extracted_data.csv
WE DO NOT HAVE DATA FOR TODAY
File 'int_hworld_extracted_data.csv' has been removed.
29 Feb 2024
Image successfully downloaded: cECGIbXCCj.jpg
Data has been saved to int_hworld_extracted_data.csv
WE DO NOT HAVE DATA FOR TODAY
File 'int_hworld_extracted_data.csv' has been removed.
29 Feb 2024
Image successfully downloaded: uNcuBtEqS8.jpg
Data has been saved to int_hworld_extracted_data.csv
WE DO NOT HAVE DATA FOR TODAY
File 'int_hworld_extracted_data.csv' has been removed.
29 Feb 2024
Image successfully downloaded: CIDtrtdMuF.jpg
Data has been saved to int_hworld_extracted_data.csv
WE DO NOT HAVE DATA FOR TODAY
