Failed to download image: Invalid URL 'None': No scheme supplied. Perhaps you meant https://None?
Connected to FTP server: hotelexplorer.net
An error occurred: [Errno 2] No such file or directory: 'MclJmehSg5.jpg'
File 'choice_hotels_press_releases.csv' does not exist.
Data saved to choice_hotels_press_releases.csv
WE DO NOT HAVE DATA FOR TODAY
Failed to download image: Invalid URL 'None': No scheme supplied. Perhaps you meant https://None?
Connected to FTP server: hotelexplorer.net
An error occurred: [Errno 2] No such file or directory: 'kSi06np8m6.jpg'
File 'choice_hotels_press_releases.csv' has been removed.
Data saved to choice_hotels_press_releases.csv
WE DO NOT HAVE DATA FOR TODAY
Failed to download image: Invalid URL 'None': No scheme supplied. Perhaps you meant https://None?
Connected to FTP server: hotelexplorer.net
An error occurred: [Errno 2] No such file or directory: 'xiyVVtL8NI.jpg'
File 'choice_hotels_press_releases.csv' has been removed.
Data saved to choice_hotels_press_releases.csv
WE DO NOT HAVE DATA FOR TODAY
Failed to download image: Invalid URL 'None': No scheme supplied. Perhaps you meant https://None?
File 'choice_hotels_press_releases.csv' has been removed.
Data saved to choice_hotels_press_releases.csv
WE DO NOT HAVE DATA FOR TODAY
Failed to download image: Invalid URL 'None': No scheme supplied. Perhaps you meant https://None?
File 'choice_hotels_press_releases.csv' has been removed.
Data saved to choice_hotels_press_releases.csv
WE DO NOT HAVE DATA FOR TODAY
Failed to download image: Invalid URL 'None': No scheme supplied. Perhaps you meant https://None?
File 'choice_hotels_press_releases.csv' has been removed.
Data saved to choice_hotels_press_releases.csv
WE DO NOT HAVE DATA FOR TODAY
Failed to download image: Invalid URL 'None': No scheme supplied. Perhaps you meant https://None?
File 'choice_hotels_press_releases.csv' has been removed.
Data saved to choice_hotels_press_releases.csv
WE DO NOT HAVE DATA FOR TODAY
