['12/23/2024']
Failed to download image: 403 Client Error: ModSecurity Action for url: https://www.meliahotelsinternational.com/es/PublishingImages/noticias/Render%20Hotel%202.png?RenditionID=11
Connected to FTP server: hotelexplorer.net
An error occurred: [Errno 2] No such file or directory: 'CRPhvHoG92.jpg'
File 'meliahotelsinternational_news_data.csv' does not exist.
Data saved to meliahotelsinternational_news_data.csv successfully!
--------WE DO NOT HAVE DATA FOR TODAY--------
['12/23/2024']
Failed to download image: 403 Client Error: ModSecurity Action for url: https://www.meliahotelsinternational.com/es/PublishingImages/noticias/Render%20Hotel%202.png?RenditionID=11
Connected to FTP server: hotelexplorer.net
An error occurred: [Errno 2] No such file or directory: 'l97SVEvbvu.jpg'
File 'meliahotelsinternational_news_data.csv' has been removed.
Data saved to meliahotelsinternational_news_data.csv successfully!
--------WE DO NOT HAVE DATA FOR TODAY--------
['12/23/2024']
Failed to download image: 403 Client Error: ModSecurity Action for url: https://www.meliahotelsinternational.com/es/PublishingImages/noticias/Render%20Hotel%202.png?RenditionID=11
Connected to FTP server: hotelexplorer.net
An error occurred: [Errno 2] No such file or directory: 'LEMwSbA7G8.jpg'
File 'meliahotelsinternational_news_data.csv' has been removed.
Data saved to meliahotelsinternational_news_data.csv successfully!
--------WE DO NOT HAVE DATA FOR TODAY--------
['12/23/2024']
Failed to download image: 403 Client Error: ModSecurity Action for url: https://www.meliahotelsinternational.com/es/PublishingImages/noticias/Render%20Hotel%202.png?RenditionID=11
File 'meliahotelsinternational_news_data.csv' has been removed.
Data saved to meliahotelsinternational_news_data.csv successfully!
--------WE DO NOT HAVE DATA FOR TODAY--------
['12/23/2024']
Failed to download image: 403 Client Error: ModSecurity Action for url: https://www.meliahotelsinternational.com/es/PublishingImages/noticias/Render%20Hotel%202.png?RenditionID=11
File 'meliahotelsinternational_news_data.csv' has been removed.
Data saved to meliahotelsinternational_news_data.csv successfully!
--------WE DO NOT HAVE DATA FOR TODAY--------
['12/23/2024']
Failed to download image: 403 Client Error: ModSecurity Action for url: https://www.meliahotelsinternational.com/es/PublishingImages/noticias/Render%20Hotel%202.png?RenditionID=11
File 'meliahotelsinternational_news_data.csv' has been removed.
Data saved to meliahotelsinternational_news_data.csv successfully!
--------WE DO NOT HAVE DATA FOR TODAY--------
['12/23/2024']
Failed to download image: 403 Client Error: ModSecurity Action for url: https://www.meliahotelsinternational.com/es/PublishingImages/noticias/Render%20Hotel%202.png?RenditionID=11
File 'meliahotelsinternational_news_data.csv' has been removed.
Data saved to meliahotelsinternational_news_data.csv successfully!
--------WE DO NOT HAVE DATA FOR TODAY--------
