Image successfully downloaded: RXuQdA23B1.jpg
Connected to FTP server: hotelexplorer.net
Photo 'RXuQdA23B1.jpg' uploaded successfully to '/public_html/storage/information/'.
Date: 01 May 2024
Image URL: {'imageUrl': 'https://d3g2yh83to8qa2.cloudfront.net/wp-content/uploads/1/2024/05/22143031/press-awc-multiple-property-framework-agreement.jpg'}
File 'okura_news_data.csv' does not exist.

--- All News Data Saved to okura_news_data.csv ---
------WE DO NOT HAVE DATA FOR TODAY--------
Image successfully downloaded: VBrUf0yAhO.jpg
Connected to FTP server: hotelexplorer.net
Photo 'VBrUf0yAhO.jpg' uploaded successfully to '/public_html/storage/information/'.
Date: 01 May 2024
Image URL: {'imageUrl': 'https://d3g2yh83to8qa2.cloudfront.net/wp-content/uploads/1/2024/05/22143031/press-awc-multiple-property-framework-agreement.jpg'}
File 'okura_news_data.csv' has been removed.

--- All News Data Saved to okura_news_data.csv ---
------WE DO NOT HAVE DATA FOR TODAY--------
Image successfully downloaded: xMPQErowJT.jpg
Connected to FTP server: hotelexplorer.net
Photo 'xMPQErowJT.jpg' uploaded successfully to '/public_html/storage/information/'.
Date: 01 May 2024
Image URL: {'imageUrl': 'https://d3g2yh83to8qa2.cloudfront.net/wp-content/uploads/1/2024/05/22143031/press-awc-multiple-property-framework-agreement.jpg'}
File 'okura_news_data.csv' has been removed.

--- All News Data Saved to okura_news_data.csv ---
------WE DO NOT HAVE DATA FOR TODAY--------
Image successfully downloaded: 9nnUgP8PsP.jpg
Date: 01 May 2024
Image URL: {'imageUrl': 'https://d3g2yh83to8qa2.cloudfront.net/wp-content/uploads/1/2024/05/22143031/press-awc-multiple-property-framework-agreement.jpg'}
File 'okura_news_data.csv' has been removed.

--- All News Data Saved to okura_news_data.csv ---
------WE DO NOT HAVE DATA FOR TODAY--------
Image successfully downloaded: lmH4cHyHBz.jpg
Date: 01 May 2024
Image URL: {'imageUrl': 'https://d3g2yh83to8qa2.cloudfront.net/wp-content/uploads/1/2024/05/22143031/press-awc-multiple-property-framework-agreement.jpg'}
File 'okura_news_data.csv' has been removed.

--- All News Data Saved to okura_news_data.csv ---
------WE DO NOT HAVE DATA FOR TODAY--------
Image successfully downloaded: UeKEDLZOkj.jpg
Date: 01 May 2024
Image URL: {'imageUrl': 'https://d3g2yh83to8qa2.cloudfront.net/wp-content/uploads/1/2024/05/22143031/press-awc-multiple-property-framework-agreement.jpg'}
File 'okura_news_data.csv' has been removed.

--- All News Data Saved to okura_news_data.csv ---
------WE DO NOT HAVE DATA FOR TODAY--------
Image successfully downloaded: 9zHKD5GNgp.jpg
Date: 01 May 2024
Image URL: {'imageUrl': 'https://d3g2yh83to8qa2.cloudfront.net/wp-content/uploads/1/2024/05/22143031/press-awc-multiple-property-framework-agreement.jpg'}
File 'okura_news_data.csv' has been removed.

--- All News Data Saved to okura_news_data.csv ---
------WE DO NOT HAVE DATA FOR TODAY--------
