Found 5 links:
/media-center/recent-news/2024/12/09/17/40/gayla-guyse-appointed-general-manger-of-fort-lauderdale
/media-center/recent-news/2024/11/27/19/19/omni-grove-park-inn-and-spa-announces-final-phase-to-reopening-following-hurricane-helene
/media-center/recent-news/2024/11/19/16/27/omni-severin-completes-24m-renovation-transforms-historic-art-deco-icon-in-indianapolis
/media-center/recent-news/2024/11/13/18/11/blitzens
/media-center/recent-news/2024/11/18/14/40/the-omni-grove-park-inn-reopens-with-a-heart-for-all
06 Dec 2024

--- All News Data Saved to omnihotels_news.csv ---
WE DO NOT HAVE DATA FOR TODAY
Found 5 links:
/media-center/recent-news/2024/12/09/17/40/gayla-guyse-appointed-general-manger-of-fort-lauderdale
/media-center/recent-news/2024/11/27/19/19/omni-grove-park-inn-and-spa-announces-final-phase-to-reopening-following-hurricane-helene
/media-center/recent-news/2024/11/19/16/27/omni-severin-completes-24m-renovation-transforms-historic-art-deco-icon-in-indianapolis
/media-center/recent-news/2024/11/13/18/11/blitzens
/media-center/recent-news/2024/11/18/14/40/the-omni-grove-park-inn-reopens-with-a-heart-for-all
06 Dec 2024

--- All News Data Saved to omnihotels_news.csv ---
WE DO NOT HAVE DATA FOR TODAY
Found 5 links:
/media-center/recent-news/2024/12/09/17/40/gayla-guyse-appointed-general-manger-of-fort-lauderdale
/media-center/recent-news/2024/11/27/19/19/omni-grove-park-inn-and-spa-announces-final-phase-to-reopening-following-hurricane-helene
/media-center/recent-news/2024/11/19/16/27/omni-severin-completes-24m-renovation-transforms-historic-art-deco-icon-in-indianapolis
/media-center/recent-news/2024/11/13/18/11/blitzens
/media-center/recent-news/2024/11/18/14/40/the-omni-grove-park-inn-reopens-with-a-heart-for-all
06 Dec 2024

--- All News Data Saved to omnihotels_news.csv ---
WE DO NOT HAVE DATA FOR TODAY
Found 5 links:
/media-center/recent-news/2024/12/09/17/40/gayla-guyse-appointed-general-manger-of-fort-lauderdale
/media-center/recent-news/2024/11/27/19/19/omni-grove-park-inn-and-spa-announces-final-phase-to-reopening-following-hurricane-helene
/media-center/recent-news/2024/11/19/16/27/omni-severin-completes-24m-renovation-transforms-historic-art-deco-icon-in-indianapolis
/media-center/recent-news/2024/11/13/18/11/blitzens
/media-center/recent-news/2024/11/18/14/40/the-omni-grove-park-inn-reopens-with-a-heart-for-all
06 Dec 2024

--- All News Data Saved to omnihotels_news.csv ---
WE DO NOT HAVE DATA FOR TODAY
Found 5 links:
/media-center/recent-news/2024/12/09/17/40/gayla-guyse-appointed-general-manger-of-fort-lauderdale
/media-center/recent-news/2024/11/27/19/19/omni-grove-park-inn-and-spa-announces-final-phase-to-reopening-following-hurricane-helene
/media-center/recent-news/2024/11/19/16/27/omni-severin-completes-24m-renovation-transforms-historic-art-deco-icon-in-indianapolis
/media-center/recent-news/2024/11/13/18/11/blitzens
/media-center/recent-news/2024/11/18/14/40/the-omni-grove-park-inn-reopens-with-a-heart-for-all
06 Dec 2024

--- All News Data Saved to omnihotels_news.csv ---
WE DO NOT HAVE DATA FOR TODAY
Found 5 links:
/media-center/recent-news/2024/12/09/17/40/gayla-guyse-appointed-general-manger-of-fort-lauderdale
/media-center/recent-news/2024/11/27/19/19/omni-grove-park-inn-and-spa-announces-final-phase-to-reopening-following-hurricane-helene
/media-center/recent-news/2024/11/19/16/27/omni-severin-completes-24m-renovation-transforms-historic-art-deco-icon-in-indianapolis
/media-center/recent-news/2024/11/13/18/11/blitzens
/media-center/recent-news/2024/11/18/14/40/the-omni-grove-park-inn-reopens-with-a-heart-for-all
06 Dec 2024

--- All News Data Saved to omnihotels_news.csv ---
WE DO NOT HAVE DATA FOR TODAY
Found 5 links:
/media-center/recent-news/2024/12/09/17/40/gayla-guyse-appointed-general-manger-of-fort-lauderdale
/media-center/recent-news/2024/11/27/19/19/omni-grove-park-inn-and-spa-announces-final-phase-to-reopening-following-hurricane-helene
/media-center/recent-news/2024/11/19/16/27/omni-severin-completes-24m-renovation-transforms-historic-art-deco-icon-in-indianapolis
/media-center/recent-news/2024/11/13/18/11/blitzens
/media-center/recent-news/2024/11/18/14/40/the-omni-grove-park-inn-reopens-with-a-heart-for-all
06 Dec 2024

--- All News Data Saved to omnihotels_news.csv ---
WE DO NOT HAVE DATA FOR TODAY
