Image saved as first_page_image.png
OCR Extracted Title:
. . > so ae

OCR Extracted News Content:
_ \ aS “e rth . DINING » TRAVELE- PROPERTY v3 iad ~ y  1-4 < 6 ol : i Be : oe 2. ee . om ” Sms 8h ad FE da: RE  ny

OCR Extracted Date:

Image saved as first_page_image.png
OCR Extracted Title:
. . > so ae

OCR Extracted News Content:
_ \ aS “e rth . DINING » TRAVELE- PROPERTY v3 iad ~ y  1-4 < 6 ol : i Be : oe 2. ee . om ” Sms 8h ad FE da: RE  ny

OCR Extracted Date:

Image saved as first_page_image.png
OCR Extracted Title:
. . > so ae

OCR Extracted News Content:
_ \ aS “e rth . DINING » TRAVELE- PROPERTY v3 iad ~ y  1-4 < 6 ol : i Be : oe 2. ee . om ” Sms 8h ad FE da: RE  ny

OCR Extracted Date:

Image saved as first_page_image.png
OCR Extracted Title:
. . > so ae

OCR Extracted News Content:
_ \ aS “e rth . DINING » TRAVELE- PROPERTY v3 iad ~ y  1-4 < 6 ol : i Be : oe 2. ee . om ” Sms 8h ad FE da: RE  ny

OCR Extracted Date:

Image saved as first_page_image.png
OCR Extracted Title:
. . > so ae

OCR Extracted News Content:
_ \ aS “e rth . DINING » TRAVELE- PROPERTY v3 iad ~ y  1-4 < 6 ol : i Be : oe 2. ee . om ” Sms 8h ad FE da: RE  ny

OCR Extracted Date:

Image saved as first_page_image.png
OCR Extracted Title:
. . > so ae

OCR Extracted News Content:
_ \ aS “e rth . DINING » TRAVELE- PROPERTY v3 iad ~ y  1-4 < 6 ol : i Be : oe 2. ee . om ” Sms 8h ad FE da: RE  ny

OCR Extracted Date:

Image saved as first_page_image.png
OCR Extracted Title:
. . > so ae

OCR Extracted News Content:
_ \ aS “e rth . DINING » TRAVELE- PROPERTY v3 iad ~ y  1-4 < 6 ol : i Be : oe 2. ee . om ” Sms 8h ad FE da: RE  ny

OCR Extracted Date:

