Opening the news article: https://swissinternationalhotels.com/news-updates/swiss-international-hotels-resorts-welcomes-the-first-swiss-spirit-in-pakistan/
SWISS INTERNATIONAL HOTELS & RESORTS UNVEILS PAKISTAN'S INAUGURAL SWISS SPIRIT HOTEL
Image successfully downloaded: shb2ISrW3C.jpg
Connected to FTP server: hotelexplorer.net
Photo 'shb2ISrW3C.jpg' uploaded successfully to '/public_html/storage/information/'.
Date: 12 Nov 2024
--------WE DO NOT HAVE DATA FOR TODAY--------
Opening the news article: https://swissinternationalhotels.com/news-updates/swiss-international-hotels-resorts-welcomes-the-first-swiss-spirit-in-pakistan/
SWISS INTERNATIONAL HOTELS & RESORTS LAUNCHES PAKISTAN'S PREMIER SWISS SPIRIT HOTEL
Image successfully downloaded: jOF0fKoTf3.jpg
Connected to FTP server: hotelexplorer.net
Photo 'jOF0fKoTf3.jpg' uploaded successfully to '/public_html/storage/information/'.
Date: 12 Nov 2024
--------WE DO NOT HAVE DATA FOR TODAY--------
Opening the news article: https://swissinternationalhotels.com/news-updates/swiss-international-hotels-resorts-welcomes-the-first-swiss-spirit-in-pakistan/
SWISS INTERNATIONAL HOTELS & RESORTS LAUNCHES PAKISTAN'S FIRST SWISS SPIRIT HOTEL!
Image successfully downloaded: BRdkeGqglB.jpg
Connected to FTP server: hotelexplorer.net
Photo 'BRdkeGqglB.jpg' uploaded successfully to '/public_html/storage/information/'.
Date: 12 Nov 2024
--------WE DO NOT HAVE DATA FOR TODAY--------
Opening the news article: https://swissinternationalhotels.com/news-updates/swiss-international-hotels-resorts-welcomes-the-first-swiss-spirit-in-pakistan/
SWISS INTERNATIONAL HOTELS & RESORTS CELEBRATES THE LAUNCH OF PAKISTAN'S FIRST SWISS SPIRIT HOTEL
Image successfully downloaded: 6BJ1zbO14U.jpg
Date: 12 Nov 2024
--------WE DO NOT HAVE DATA FOR TODAY--------
Opening the news article: https://swissinternationalhotels.com/news-updates/swiss-international-hotels-resorts-welcomes-the-first-swiss-spirit-in-pakistan/
SWISS INTERNATIONAL HOTELS & RESORTS INTRODUCES PAKISTAN'S INAUGURAL SWISS SPIRIT HOTEL
Image successfully downloaded: 1yvxliqpry.jpg
Date: 12 Nov 2024
--------WE DO NOT HAVE DATA FOR TODAY--------
Opening the news article: https://swissinternationalhotels.com/news-updates/swiss-international-hotels-resorts-welcomes-the-first-swiss-spirit-in-pakistan/
SWISS INTERNATIONAL HOTELS & RESORTS LAUNCHES PAKISTAN'S INAUGURAL SWISS SPIRIT HOTEL
Image successfully downloaded: OtRUeEPgdz.jpg
Date: 12 Nov 2024
--------WE DO NOT HAVE DATA FOR TODAY--------
Opening the news article: https://swissinternationalhotels.com/news-updates/swiss-international-hotels-resorts-welcomes-the-first-swiss-spirit-in-pakistan/
SWISS INTERNATIONAL HOTELS & RESORTS UNVEILS PAKISTAN'S FIRST SWISS SPIRIT HOTEL
Image successfully downloaded: Vu8dLGQYAy.jpg
Date: 12 Nov 2024
--------WE DO NOT HAVE DATA FOR TODAY--------
