Opening the most recent link: https://www.tfehotels.com/en/press/summer-story-sdeas-for-slow-news-days-24-25
Image successfully downloaded: LUAJCWm4o5.jpg
Connected to FTP server: hotelexplorer.net
Photo 'LUAJCWm4o5.jpg' uploaded successfully to '/public_html/storage/information/'.
Data saved to CSV.
--------WE DO NOT HAVE DATA FOR TODAY--------
Opening the most recent link: https://www.tfehotels.com/en/press/summer-story-sdeas-for-slow-news-days-24-25
Image successfully downloaded: hJetQ09ZhP.jpg
Connected to FTP server: hotelexplorer.net
Photo 'hJetQ09ZhP.jpg' uploaded successfully to '/public_html/storage/information/'.
Data saved to CSV.
--------WE DO NOT HAVE DATA FOR TODAY--------
Opening the most recent link: https://www.tfehotels.com/en/press/summer-story-sdeas-for-slow-news-days-24-25
Image successfully downloaded: sWIfT4qm7l.jpg
Connected to FTP server: hotelexplorer.net
Photo 'sWIfT4qm7l.jpg' uploaded successfully to '/public_html/storage/information/'.
Data saved to CSV.
--------WE DO NOT HAVE DATA FOR TODAY--------
Opening the most recent link: https://www.tfehotels.com/en/press/summer-story-sdeas-for-slow-news-days-24-25
Image successfully downloaded: meGG2jA4t7.jpg
Data saved to CSV.
--------WE DO NOT HAVE DATA FOR TODAY--------
Opening the most recent link: https://www.tfehotels.com/en/press/summer-story-sdeas-for-slow-news-days-24-25
18 Dec 2024
Image successfully downloaded: Jd1W3Sf5cZ.jpg
Data saved to CSV.
--------WE DO NOT HAVE DATA FOR TODAY--------
Opening the most recent link: https://www.tfehotels.com/en/press/summer-story-sdeas-for-slow-news-days-24-25
18 Dec 2024
Image successfully downloaded: 7ajDrZJOkD.jpg
Data saved to CSV.
--------WE DO NOT HAVE DATA FOR TODAY--------
Opening the most recent link: https://www.tfehotels.com/en/press/summer-story-sdeas-for-slow-news-days-24-25
18 Dec 2024
Image successfully downloaded: M20C0R87a5.jpg
Data saved to CSV.
--------WE DO NOT HAVE DATA FOR TODAY--------
